<?xml version="1.0" encoding="UTF-8"?>
<testng-results skipped="0" failed="0" ignored="0" total="1" passed="1">
  <reporter-output>
  </reporter-output>
  <suite name="Default suite" duration-ms="6324" started-at="2022-02-23T02:17:36 IST" finished-at="2022-02-23T02:17:43 IST">
    <groups>
    </groups>
    <test name="Default test" duration-ms="6324" started-at="2022-02-23T02:17:36 IST" finished-at="2022-02-23T02:17:43 IST">
      <class name="com.liseInfotech.RestAssuredTest.PATCHMethodExample">
        <test-method status="PASS" signature="patchTest()[pri:0, instance:com.liseInfotech.RestAssuredTest.PATCHMethodExample@4d50efb8]" name="patchTest" duration-ms="6245" started-at="2022-02-23T02:17:36 IST" finished-at="2022-02-23T02:17:43 IST">
          <reporter-output>
          </reporter-output>
        </test-method> <!-- patchTest -->
      </class> <!-- com.liseInfotech.RestAssuredTest.PATCHMethodExample -->
    </test> <!-- Default test -->
  </suite> <!-- Default suite -->
</testng-results>
